<?xml version="1.0" encoding="UTF-8"?>
<testng-results skipped="0" failed="0" total="1" passed="1">
  <reporter-output>
  </reporter-output>
  <suite name="Default suite" duration-ms="175" started-at="2017-06-01T14:18:21Z" finished-at="2017-06-01T14:18:21Z">
    <groups>
    </groups>
    <test name="Default test" duration-ms="175" started-at="2017-06-01T14:18:21Z" finished-at="2017-06-01T14:18:21Z">
      <class name="controllertest.controllertest">
        <test-method status="PASS" signature="setUp()[pri:0, instance:controllertest.controllertest@31ef45e3]" name="setUp" is-config="true" duration-ms="142" started-at="2017-06-01T22:18:21Z" finished-at="2017-06-01T22:18:21Z">
          <reporter-output>
          </reporter-output>
        </test-method> <!-- setUp -->
        <test-method status="PASS" signature="testlistborrow()[pri:0, instance:controllertest.controllertest@31ef45e3]" name="testlistborrow" duration-ms="23" started-at="2017-06-01T22:18:21Z" finished-at="2017-06-01T22:18:21Z">
          <reporter-output>
          </reporter-output>
        </test-method> <!-- testlistborrow -->
      </class> <!-- controllertest.controllertest -->
    </test> <!-- Default test -->
  </suite> <!-- Default suite -->
</testng-results>
